/Library/Java/JavaVirtualMachines/jdk-9.0.1.jdk/Contents/Home/bin/java -Xms256m -Xmx256m -XX:+UseConcMarkSweepGC "-javaagent:/Applications/IntelliJ IDEA CE.app/Contents/lib/idea_rt.jar=57735:/Applications/IntelliJ IDEA CE.app/Contents/bin" -Dfile.encoding=UTF-8 -classpath /Users/snazarov/projects/java/java-otus/hw04/target/classes hw04.Main
Java HotSpot(TM) 64-Bit Server VM warning: Option UseConcMarkSweepGC was deprecated in version 9.0 and will likely be removed in a future release.
GC name:ParNew
GC name:ConcurrentMarkSweep
start:461 Name:ParNew, action:end of minor GC, gcCause:Allocation Failure(67 ms)
start:893 Name:ParNew, action:end of minor GC, gcCause:Allocation Failure(43 ms)
start:1830 Name:ParNew, action:end of minor GC, gcCause:Allocation Failure(26 ms)
start:3363 Name:ParNew, action:end of minor GC, gcCause:Allocation Failure(24 ms)
start:5302 Name:ParNew, action:end of minor GC, gcCause:Allocation Failure(24 ms)
start:8068 Name:ParNew, action:end of minor GC, gcCause:Allocation Failure(26 ms)
start:5326 Name:ConcurrentMarkSweep, action:end of major GC, gcCause:No GC(2833 ms)
start:11661 Name:ParNew, action:end of minor GC, gcCause:Allocation Failure(22 ms)
start:10161 Name:ConcurrentMarkSweep, action:end of major GC, gcCause:No GC(1594 ms)
start:16323 Name:ParNew, action:end of minor GC, gcCause:Allocation Failure(26 ms)
start:13756 Name:ConcurrentMarkSweep, action:end of major GC, gcCause:No GC(2666 ms)
start:21908 Name:ParNew, action:end of minor GC, gcCause:Allocation Failure(30 ms)
start:18424 Name:ConcurrentMarkSweep, action:end of major GC, gcCause:No GC(3592 ms)
start:28243 Name:ParNew, action:end of minor GC, gcCause:Allocation Failure(39 ms)
start:28282 Name:ConcurrentMarkSweep, action:end of major GC, gcCause:Allocation Failure(158 ms)
start:30442 Name:ConcurrentMarkSweep, action:end of major GC, gcCause:No GC(109 ms)
start:32556 Name:ConcurrentMarkSweep, action:end of major GC, gcCause:No GC(107 ms)
start:35739 Name:ParNew, action:end of minor GC, gcCause:Allocation Failure(20 ms)
start:34664 Name:ConcurrentMarkSweep, action:end of major GC, gcCause:No GC(1170 ms)
start:37835 Name:ConcurrentMarkSweep, action:end of major GC, gcCause:No GC(119 ms)
start:39959 Name:ConcurrentMarkSweep, action:end of major GC, gcCause:No GC(117 ms)
start:42077 Name:ConcurrentMarkSweep, action:end of major GC, gcCause:No GC(154 ms)
start:44019 Name:ParNew, action:end of minor GC, gcCause:Allocation Failure(25 ms)
start:44044 Name:ConcurrentMarkSweep, action:end of major GC, gcCause:No GC(130 ms)
start:46178 Name:ConcurrentMarkSweep, action:end of major GC, gcCause:No GC(126 ms)
start:48308 Name:ConcurrentMarkSweep, action:end of major GC, gcCause:No GC(121 ms)
start:50432 Name:ConcurrentMarkSweep, action:end of major GC, gcCause:No GC(119 ms)
start:52554 Name:ConcurrentMarkSweep, action:end of major GC, gcCause:No GC(145 ms)
start:53289 Name:ParNew, action:end of minor GC, gcCause:Allocation Failure(0 ms)
start:53289 Name:ConcurrentMarkSweep, action:end of major GC, gcCause:Allocation Failure(180 ms)
start:53469 Name:ConcurrentMarkSweep, action:end of major GC, gcCause:No GC(188 ms)
start:55662 Name:ConcurrentMarkSweep, action:end of major GC, gcCause:No GC(139 ms)
start:57806 Name:ConcurrentMarkSweep, action:end of major GC, gcCause:No GC(177 ms)
start:59986 Name:ConcurrentMarkSweep, action:end of major GC, gcCause:No GC(126 ms)
start:62116 Name:ConcurrentMarkSweep, action:end of major GC, gcCause:No GC(127 ms)
start:63452 Name:ParNew, action:end of minor GC, gcCause:Allocation Failure(0 ms)
start:63452 Name:ConcurrentMarkSweep, action:end of major GC, gcCause:Allocation Failure(202 ms)
start:63654 Name:ConcurrentMarkSweep, action:end of major GC, gcCause:No GC(196 ms)
start:65856 Name:ConcurrentMarkSweep, action:end of major GC, gcCause:No GC(141 ms)
start:67997 Name:ConcurrentMarkSweep, action:end of major GC, gcCause:No GC(134 ms)
start:70132 Name:ConcurrentMarkSweep, action:end of major GC, gcCause:No GC(135 ms)
start:72271 Name:ConcurrentMarkSweep, action:end of major GC, gcCause:No GC(137 ms)
start:74786 Name:ParNew, action:end of minor GC, gcCause:Allocation Failure(48 ms)
start:74834 Name:ConcurrentMarkSweep, action:end of major GC, gcCause:Allocation Failure(177 ms)
start:77015 Name:ConcurrentMarkSweep, action:end of major GC, gcCause:No GC(191 ms)
start:79208 Name:ConcurrentMarkSweep, action:end of major GC, gcCause:No GC(144 ms)
start:81356 Name:ConcurrentMarkSweep, action:end of major GC, gcCause:No GC(136 ms)
start:83492 Name:ConcurrentMarkSweep, action:end of major GC, gcCause:No GC(135 ms)
start:86911 Name:ParNew, action:end of minor GC, gcCause:Allocation Failure(51 ms)
start:86962 Name:ConcurrentMarkSweep, action:end of major GC, gcCause:Allocation Failure(173 ms)
start:87151 Name:ConcurrentMarkSweep, action:end of major GC, gcCause:Allocation Failure(160 ms)
start:87311 Name:ConcurrentMarkSweep, action:end of major GC, gcCause:No GC(237 ms)
start:89549 Name:ConcurrentMarkSweep, action:end of major GC, gcCause:No GC(150 ms)
start:91700 Name:ConcurrentMarkSweep, action:end of major GC, gcCause:No GC(149 ms)
start:93852 Name:ConcurrentMarkSweep, action:end of major GC, gcCause:No GC(155 ms)
start:100048 Name:ParNew, action:end of minor GC, gcCause:Allocation Failure(53 ms)
start:100102 Name:ConcurrentMarkSweep, action:end of major GC, gcCause:Allocation Failure(182 ms)
start:102286 Name:ConcurrentMarkSweep, action:end of major GC, gcCause:No GC(223 ms)
start:104512 Name:ConcurrentMarkSweep, action:end of major GC, gcCause:No GC(162 ms)
start:106674 Name:ConcurrentMarkSweep, action:end of major GC, gcCause:No GC(144 ms)
start:113913 Name:ParNew, action:end of minor GC, gcCause:Allocation Failure(49 ms)
start:113962 Name:ConcurrentMarkSweep, action:end of major GC, gcCause:Allocation Failure(175 ms)
start:114152 Name:ConcurrentMarkSweep, action:end of major GC, gcCause:Allocation Failure(150 ms)
start:114302 Name:ConcurrentMarkSweep, action:end of major GC, gcCause:No GC(230 ms)
start:116537 Name:ConcurrentMarkSweep, action:end of major GC, gcCause:No GC(167 ms)
start:118707 Name:ConcurrentMarkSweep, action:end of major GC, gcCause:No GC(159 ms)
start:120869 Name:ConcurrentMarkSweep, action:end of major GC, gcCause:No GC(5176 ms)
start:129147 Name:ParNew, action:end of minor GC, gcCause:Allocation Failure(54 ms)
start:129201 Name:ConcurrentMarkSweep, action:end of major GC, gcCause:Allocation Failure(181 ms)
start:129396 Name:ConcurrentMarkSweep, action:end of major GC, gcCause:Allocation Failure(160 ms)
start:129556 Name:ConcurrentMarkSweep, action:end of major GC, gcCause:No GC(243 ms)
start:131801 Name:ConcurrentMarkSweep, action:end of major GC, gcCause:No GC(227 ms)
start:134029 Name:ConcurrentMarkSweep, action:end of major GC, gcCause:No GC(246 ms)
start:136276 Name:ConcurrentMarkSweep, action:end of major GC, gcCause:No GC(5222 ms)
start:143503 Name:ConcurrentMarkSweep, action:end of major GC, gcCause:No GC(5185 ms)
start:149328 Name:ParNew, action:end of minor GC, gcCause:Allocation Failure(57 ms)
start:149385 Name:ConcurrentMarkSweep, action:end of major GC, gcCause:Allocation Failure(173 ms)
start:149583 Name:ConcurrentMarkSweep, action:end of major GC, gcCause:Allocation Failure(218 ms)
start:151805 Name:ConcurrentMarkSweep, action:end of major GC, gcCause:No GC(228 ms)
start:154036 Name:ConcurrentMarkSweep, action:end of major GC, gcCause:No GC(5170 ms)
start:165686 Name:ParNew, action:end of minor GC, gcCause:Allocation Failure(57 ms)
start:165743 Name:ConcurrentMarkSweep, action:end of major GC, gcCause:Allocation Failure(168 ms)
start:165926 Name:ConcurrentMarkSweep, action:end of major GC, gcCause:Allocation Failure(153 ms)
start:166080 Name:ConcurrentMarkSweep, action:end of major GC, gcCause:No GC(240 ms)
start:168323 Name:ConcurrentMarkSweep, action:end of major GC, gcCause:No GC(170 ms)
start:170497 Name:ConcurrentMarkSweep, action:end of major GC, gcCause:No GC(5174 ms)
start:182662 Name:ParNew, action:end of minor GC, gcCause:Allocation Failure(59 ms)
start:182721 Name:ConcurrentMarkSweep, action:end of major GC, gcCause:Allocation Failure(177 ms)
start:182912 Name:ConcurrentMarkSweep, action:end of major GC, gcCause:Allocation Failure(153 ms)
start:183091 Name:ConcurrentMarkSweep, action:end of major GC, gcCause:Allocation Failure(219 ms)
start:185314 Name:ConcurrentMarkSweep, action:end of major GC, gcCause:No GC(224 ms)
start:187542 Name:ConcurrentMarkSweep, action:end of major GC, gcCause:No GC(5260 ms)
start:199865 Name:ParNew, action:end of minor GC, gcCause:Allocation Failure(72 ms)
start:199937 Name:ConcurrentMarkSweep, action:end of major GC, gcCause:Allocation Failure(172 ms)
start:200122 Name:ConcurrentMarkSweep, action:end of major GC, gcCause:Allocation Failure(157 ms)
start:200317 Name:ConcurrentMarkSweep, action:end of major GC, gcCause:Allocation Failure(217 ms)
start:202536 Name:ConcurrentMarkSweep, action:end of major GC, gcCause:No GC(329 ms)
start:204869 Name:ConcurrentMarkSweep, action:end of major GC, gcCause:No GC(5280 ms)
start:212152 Name:ConcurrentMarkSweep, action:end of major GC, gcCause:No GC(5254 ms)
start:217885 Name:ParNew, action:end of minor GC, gcCause:Allocation Failure(82 ms)
start:217967 Name:ConcurrentMarkSweep, action:end of major GC, gcCause:Allocation Failure(190 ms)
start:218198 Name:ConcurrentMarkSweep, action:end of major GC, gcCause:Allocation Failure(221 ms)
start:218430 Name:ConcurrentMarkSweep, action:end of major GC, gcCause:Allocation Failure(155 ms)
start:218623 Name:ConcurrentMarkSweep, action:end of major GC, gcCause:Allocation Failure(216 ms)
start:220841 Name:ConcurrentMarkSweep, action:end of major GC, gcCause:No GC(257 ms)
start:223100 Name:ConcurrentMarkSweep, action:end of major GC, gcCause:No GC(5261 ms)
start:230361 Name:ConcurrentMarkSweep, action:end of major GC, gcCause:No GC(5253 ms)
start:236513 Name:ParNew, action:end of minor GC, gcCause:Allocation Failure(83 ms)
start:236596 Name:ConcurrentMarkSweep, action:end of major GC, gcCause:Allocation Failure(176 ms)
start:236802 Name:ConcurrentMarkSweep, action:end of major GC, gcCause:Allocation Failure(233 ms)
start:237046 Name:ConcurrentMarkSweep, action:end of major GC, gcCause:Allocation Failure(156 ms)
start:237229 Name:ConcurrentMarkSweep, action:end of major GC, gcCause:Allocation Failure(212 ms)
start:239442 Name:ConcurrentMarkSweep, action:end of major GC, gcCause:No GC(228 ms)
start:241672 Name:ConcurrentMarkSweep, action:end of major GC, gcCause:No GC(5179 ms)
start:248855 Name:ConcurrentMarkSweep, action:end of major GC, gcCause:No GC(5160 ms)
start:255732 Name:ParNew, action:end of minor GC, gcCause:Allocation Failure(63 ms)
start:255795 Name:ConcurrentMarkSweep, action:end of major GC, gcCause:Allocation Failure(181 ms)
start:256005 Name:ConcurrentMarkSweep, action:end of major GC, gcCause:Allocation Failure(201 ms)
start:256218 Name:ConcurrentMarkSweep, action:end of major GC, gcCause:Allocation Failure(157 ms)
start:256412 Name:ConcurrentMarkSweep, action:end of major GC, gcCause:Allocation Failure(206 ms)
start:256627 Name:ConcurrentMarkSweep, action:end of major GC, gcCause:Allocation Failure(154 ms)
start:256781 Name:ConcurrentMarkSweep, action:end of major GC, gcCause:No GC(252 ms)
start:259037 Name:ConcurrentMarkSweep, action:end of major GC, gcCause:No GC(177 ms)
start:261219 Name:ConcurrentMarkSweep, action:end of major GC, gcCause:No GC(5191 ms)
start:268414 Name:ConcurrentMarkSweep, action:end of major GC, gcCause:No GC(5167 ms)
start:275952 Name:ParNew, action:end of minor GC, gcCause:Allocation Failure(61 ms)
start:276013 Name:ConcurrentMarkSweep, action:end of major GC, gcCause:Allocation Failure(216 ms)
start:276242 Name:ConcurrentMarkSweep, action:end of major GC, gcCause:Allocation Failure(152 ms)
start:276421 Name:ConcurrentMarkSweep, action:end of major GC, gcCause:Allocation Failure(215 ms)
start:276645 Name:ConcurrentMarkSweep, action:end of major GC, gcCause:Allocation Failure(154 ms)
start:276825 Name:ConcurrentMarkSweep, action:end of major GC, gcCause:Allocation Failure(223 ms)
start:277058 Name:ConcurrentMarkSweep, action:end of major GC, gcCause:Allocation Failure(148 ms)
start:277207 Name:ConcurrentMarkSweep, action:end of major GC, gcCause:No GC(273 ms)
start:279482 Name:ConcurrentMarkSweep, action:end of major GC, gcCause:No GC(182 ms)
start:281669 Name:ConcurrentMarkSweep, action:end of major GC, gcCause:No GC(5176 ms)
start:288850 Name:ConcurrentMarkSweep, action:end of major GC, gcCause:No GC(5188 ms)
start:296184 Name:ParNew, action:end of minor GC, gcCause:Allocation Failure(61 ms)
start:296245 Name:ConcurrentMarkSweep, action:end of major GC, gcCause:Allocation Failure(219 ms)
start:296476 Name:ConcurrentMarkSweep, action:end of major GC, gcCause:Allocation Failure(159 ms)
start:296662 Name:ConcurrentMarkSweep, action:end of major GC, gcCause:Allocation Failure(213 ms)
start:296885 Name:ConcurrentMarkSweep, action:end of major GC, gcCause:Allocation Failure(163 ms)
start:297074 Name:ConcurrentMarkSweep, action:end of major GC, gcCause:Allocation Failure(212 ms)
start:297291 Name:ConcurrentMarkSweep, action:end of major GC, gcCause:Allocation Failure(152 ms)
start:297464 Name:ConcurrentMarkSweep, action:end of major GC, gcCause:Allocation Failure(230 ms)
start:297697 Name:ConcurrentMarkSweep, action:end of major GC, gcCause:Allocation Failure(152 ms)
start:297850 Name:ConcurrentMarkSweep, action:end of major GC, gcCause:No GC(268 ms)
start:300123 Name:ConcurrentMarkSweep, action:end of major GC, gcCause:No GC(188 ms)
start:302320 Name:ConcurrentMarkSweep, action:end of major GC, gcCause:No GC(5205 ms)
start:309529 Name:ConcurrentMarkSweep, action:end of major GC, gcCause:No GC(5181 ms)
start:318305 Name:ParNew, action:end of minor GC, gcCause:Allocation Failure(61 ms)
start:318366 Name:ConcurrentMarkSweep, action:end of major GC, gcCause:Allocation Failure(216 ms)
start:318595 Name:ConcurrentMarkSweep, action:end of major GC, gcCause:Allocation Failure(156 ms)
start:318778 Name:ConcurrentMarkSweep, action:end of major GC, gcCause:Allocation Failure(216 ms)
start:319003 Name:ConcurrentMarkSweep, action:end of major GC, gcCause:Allocation Failure(155 ms)
start:319182 Name:ConcurrentMarkSweep, action:end of major GC, gcCause:Allocation Failure(211 ms)
start:319398 Name:ConcurrentMarkSweep, action:end of major GC, gcCause:Allocation Failure(150 ms)
start:319570 Name:ConcurrentMarkSweep, action:end of major GC, gcCause:Allocation Failure(220 ms)
start:319792 Name:ConcurrentMarkSweep, action:end of major GC, gcCause:Allocation Failure(152 ms)
start:319962 Name:ConcurrentMarkSweep, action:end of major GC, gcCause:Allocation Failure(228 ms)
start:320191 Name:ConcurrentMarkSweep, action:end of major GC, gcCause:Allocation Failure(156 ms)
start:320366 Name:ConcurrentMarkSweep, action:end of major GC, gcCause:Allocation Failure(220 ms)
start:320587 Name:ConcurrentMarkSweep, action:end of major GC, gcCause:Allocation Failure(159 ms)
start:320763 Name:ConcurrentMarkSweep, action:end of major GC, gcCause:Allocation Failure(225 ms)
start:320988 Name:ConcurrentMarkSweep, action:end of major GC, gcCause:Allocation Failure(160 ms)
start:321167 Name:ConcurrentMarkSweep, action:end of major GC, gcCause:Allocation Failure(224 ms)
start:321391 Name:ConcurrentMarkSweep, action:end of major GC, gcCause:Allocation Failure(154 ms)
start:321562 Name:ConcurrentMarkSweep, action:end of major GC, gcCause:Allocation Failure(225 ms)
start:321788 Name:ConcurrentMarkSweep, action:end of major GC, gcCause:Allocation Failure(155 ms)
start:321962 Name:ConcurrentMarkSweep, action:end of major GC, gcCause:Allocation Failure(229 ms)
start:322191 Name:ConcurrentMarkSweep, action:end of major GC, gcCause:Allocation Failure(171 ms)
start:322380 Name:ConcurrentMarkSweep, action:end of major GC, gcCause:Allocation Failure(230 ms)
start:322610 Name:ConcurrentMarkSweep, action:end of major GC, gcCause:Allocation Failure(158 ms)
start:322785 Name:ConcurrentMarkSweep, action:end of major GC, gcCause:Allocation Failure(225 ms)
start:323010 Name:ConcurrentMarkSweep, action:end of major GC, gcCause:Allocation Failure(156 ms)
start:323184 Name:ConcurrentMarkSweep, action:end of major GC, gcCause:Allocation Failure(214 ms)
start:323398 Name:ConcurrentMarkSweep, action:end of major GC, gcCause:Allocation Failure(151 ms)
start:323566 Name:ConcurrentMarkSweep, action:end of major GC, gcCause:Allocation Failure(224 ms)
start:323790 Name:ConcurrentMarkSweep, action:end of major GC, gcCause:Allocation Failure(165 ms)
start:323955 Name:ConcurrentMarkSweep, action:end of major GC, gcCause:Allocation Failure(153 ms)
start:324126 Name:ConcurrentMarkSweep, action:end of major GC, gcCause:Allocation Failure(228 ms)
start:324354 Name:ConcurrentMarkSweep, action:end of major GC, gcCause:Allocation Failure(156 ms)
start:324528 Name:ConcurrentMarkSweep, action:end of major GC, gcCause:Allocation Failure(228 ms)
start:324756 Name:ConcurrentMarkSweep, action:end of major GC, gcCause:Allocation Failure(153 ms)
start:324909 Name:ConcurrentMarkSweep, action:end of major GC, gcCause:Allocation Failure(158 ms)
start:325067 Name:ConcurrentMarkSweep, action:end of major GC, gcCause:Allocation Failure(161 ms)
start:325246 Name:ConcurrentMarkSweep, action:end of major GC, gcCause:Allocation Failure(97 ms)
[END] size = 0, ops counter = 4360766, time spent = 324 secs, GC duration: 126532 ms
Exception in thread "main" java.lang.OutOfMemoryError: Java heap space
	at java.base/java.lang.StringUTF16.compress(StringUTF16.java:157)
	at java.base/java.lang.String.<init>(String.java:3015)
	at java.base/java.lang.String.<init>(String.java:249)
	at hw04.Main.memoryTest(Main.java:62)
	at hw04.Main.main(Main.java:33)

Process finished with exit code 1
