/Library/Java/JavaVirtualMachines/jdk-9.0.1.jdk/Contents/Home/bin/java -Xms256m -Xmx256m -XX:+UseG1GC "-javaagent:/Applications/IntelliJ IDEA CE.app/Contents/lib/idea_rt.jar=57588:/Applications/IntelliJ IDEA CE.app/Contents/bin" -Dfile.encoding=UTF-8 -classpath /Users/snazarov/projects/java/java-otus/hw04/target/classes hw04.Main
GC name:G1 Young Generation
GC name:G1 Old Generation
start:405 Name:G1 Young Generation, action:end of minor GC, gcCause:G1 Evacuation Pause(7 ms)
start:468 Name:G1 Young Generation, action:end of minor GC, gcCause:G1 Evacuation Pause(15 ms)
start:562 Name:G1 Young Generation, action:end of minor GC, gcCause:G1 Evacuation Pause(13 ms)
start:806 Name:G1 Young Generation, action:end of minor GC, gcCause:G1 Evacuation Pause(14 ms)
start:836 Name:G1 Young Generation, action:end of minor GC, gcCause:G1 Evacuation Pause(24 ms)
start:1857 Name:G1 Young Generation, action:end of minor GC, gcCause:G1 Evacuation Pause(22 ms)
start:3446 Name:G1 Young Generation, action:end of minor GC, gcCause:G1 Evacuation Pause(26 ms)
start:5405 Name:G1 Young Generation, action:end of minor GC, gcCause:G1 Evacuation Pause(23 ms)
start:5439 Name:G1 Young Generation, action:end of minor GC, gcCause:G1 Evacuation Pause(28 ms)
start:8245 Name:G1 Young Generation, action:end of minor GC, gcCause:G1 Evacuation Pause(19 ms)
start:11983 Name:G1 Young Generation, action:end of minor GC, gcCause:G1 Evacuation Pause(16 ms)
start:12000 Name:G1 Young Generation, action:end of minor GC, gcCause:G1 Evacuation Pause(9 ms)
start:12011 Name:G1 Young Generation, action:end of minor GC, gcCause:G1 Evacuation Pause(6 ms)
start:12024 Name:G1 Young Generation, action:end of minor GC, gcCause:G1 Evacuation Pause(11 ms)
start:16608 Name:G1 Young Generation, action:end of minor GC, gcCause:G1 Evacuation Pause(13 ms)
start:16624 Name:G1 Young Generation, action:end of minor GC, gcCause:G1 Evacuation Pause(8 ms)
start:16641 Name:G1 Young Generation, action:end of minor GC, gcCause:G1 Evacuation Pause(10 ms)
start:22365 Name:G1 Young Generation, action:end of minor GC, gcCause:G1 Evacuation Pause(14 ms)
start:22381 Name:G1 Young Generation, action:end of minor GC, gcCause:G1 Evacuation Pause(10 ms)
start:22396 Name:G1 Young Generation, action:end of minor GC, gcCause:G1 Humongous Allocation(12 ms)
start:31155 Name:G1 Young Generation, action:end of minor GC, gcCause:G1 Evacuation Pause(15 ms)
start:31172 Name:G1 Young Generation, action:end of minor GC, gcCause:G1 Evacuation Pause(12 ms)
start:31188 Name:G1 Young Generation, action:end of minor GC, gcCause:G1 Evacuation Pause(13 ms)
start:31205 Name:G1 Young Generation, action:end of minor GC, gcCause:G1 Evacuation Pause(9 ms)
start:31217 Name:G1 Young Generation, action:end of minor GC, gcCause:G1 Evacuation Pause(8 ms)
start:39563 Name:G1 Young Generation, action:end of minor GC, gcCause:G1 Evacuation Pause(14 ms)
start:39580 Name:G1 Young Generation, action:end of minor GC, gcCause:G1 Evacuation Pause(11 ms)
start:39594 Name:G1 Young Generation, action:end of minor GC, gcCause:G1 Evacuation Pause(8 ms)
start:39606 Name:G1 Young Generation, action:end of minor GC, gcCause:G1 Evacuation Pause(8 ms)
start:39627 Name:G1 Young Generation, action:end of minor GC, gcCause:G1 Evacuation Pause(8 ms)
start:39645 Name:G1 Young Generation, action:end of minor GC, gcCause:G1 Evacuation Pause(10 ms)
start:47723 Name:G1 Young Generation, action:end of minor GC, gcCause:G1 Evacuation Pause(9 ms)
start:47734 Name:G1 Young Generation, action:end of minor GC, gcCause:G1 Evacuation Pause(9 ms)
start:47745 Name:G1 Young Generation, action:end of minor GC, gcCause:G1 Evacuation Pause(6 ms)
start:47753 Name:G1 Young Generation, action:end of minor GC, gcCause:G1 Evacuation Pause(5 ms)
start:47761 Name:G1 Young Generation, action:end of minor GC, gcCause:G1 Evacuation Pause(4 ms)
start:47767 Name:G1 Young Generation, action:end of minor GC, gcCause:G1 Evacuation Pause(5 ms)
start:47774 Name:G1 Young Generation, action:end of minor GC, gcCause:G1 Evacuation Pause(4 ms)
start:56625 Name:G1 Young Generation, action:end of minor GC, gcCause:G1 Evacuation Pause(10 ms)
start:56637 Name:G1 Young Generation, action:end of minor GC, gcCause:G1 Evacuation Pause(8 ms)
start:56647 Name:G1 Young Generation, action:end of minor GC, gcCause:G1 Evacuation Pause(6 ms)
start:56655 Name:G1 Young Generation, action:end of minor GC, gcCause:G1 Evacuation Pause(5 ms)
start:56662 Name:G1 Young Generation, action:end of minor GC, gcCause:G1 Evacuation Pause(5 ms)
start:56669 Name:G1 Young Generation, action:end of minor GC, gcCause:G1 Evacuation Pause(4 ms)
start:56676 Name:G1 Young Generation, action:end of minor GC, gcCause:G1 Evacuation Pause(4 ms)
start:66346 Name:G1 Young Generation, action:end of minor GC, gcCause:G1 Evacuation Pause(10 ms)
start:66358 Name:G1 Young Generation, action:end of minor GC, gcCause:G1 Evacuation Pause(9 ms)
start:66369 Name:G1 Young Generation, action:end of minor GC, gcCause:G1 Evacuation Pause(6 ms)
start:66377 Name:G1 Young Generation, action:end of minor GC, gcCause:G1 Evacuation Pause(5 ms)
start:66384 Name:G1 Young Generation, action:end of minor GC, gcCause:G1 Evacuation Pause(5 ms)
start:66390 Name:G1 Young Generation, action:end of minor GC, gcCause:G1 Evacuation Pause(5 ms)
start:66397 Name:G1 Young Generation, action:end of minor GC, gcCause:G1 Evacuation Pause(4 ms)
start:77003 Name:G1 Young Generation, action:end of minor GC, gcCause:G1 Evacuation Pause(11 ms)
start:77016 Name:G1 Young Generation, action:end of minor GC, gcCause:G1 Evacuation Pause(13 ms)
start:77031 Name:G1 Young Generation, action:end of minor GC, gcCause:G1 Evacuation Pause(13 ms)
start:77044 Name:G1 Young Generation, action:end of minor GC, gcCause:G1 Evacuation Pause(3 ms)
start:77047 Name:G1 Young Generation, action:end of minor GC, gcCause:G1 Evacuation Pause(0 ms)
start:77048 Name:G1 Old Generation, action:end of major GC, gcCause:Allocation Failure(202 ms)
start:77255 Name:G1 Young Generation, action:end of minor GC, gcCause:G1 Evacuation Pause(5 ms)
start:77263 Name:G1 Young Generation, action:end of minor GC, gcCause:G1 Evacuation Pause(8 ms)
start:77274 Name:G1 Young Generation, action:end of minor GC, gcCause:G1 Evacuation Pause(6 ms)
start:88606 Name:G1 Young Generation, action:end of minor GC, gcCause:G1 Evacuation Pause(12 ms)
start:88620 Name:G1 Young Generation, action:end of minor GC, gcCause:G1 Evacuation Pause(4 ms)
start:88626 Name:G1 Young Generation, action:end of minor GC, gcCause:G1 Evacuation Pause(5 ms)
start:88633 Name:G1 Young Generation, action:end of minor GC, gcCause:G1 Evacuation Pause(4 ms)
start:88639 Name:G1 Young Generation, action:end of minor GC, gcCause:G1 Evacuation Pause(5 ms)
start:88646 Name:G1 Young Generation, action:end of minor GC, gcCause:G1 Evacuation Pause(4 ms)
start:88653 Name:G1 Young Generation, action:end of minor GC, gcCause:G1 Evacuation Pause(4 ms)
start:100820 Name:G1 Young Generation, action:end of minor GC, gcCause:G1 Evacuation Pause(12 ms)
start:100833 Name:G1 Young Generation, action:end of minor GC, gcCause:G1 Evacuation Pause(7 ms)
start:100841 Name:G1 Young Generation, action:end of minor GC, gcCause:G1 Evacuation Pause(5 ms)
start:100848 Name:G1 Young Generation, action:end of minor GC, gcCause:G1 Evacuation Pause(6 ms)
start:100855 Name:G1 Young Generation, action:end of minor GC, gcCause:G1 Evacuation Pause(3 ms)
start:100858 Name:G1 Young Generation, action:end of minor GC, gcCause:G1 Evacuation Pause(1 ms)
start:100859 Name:G1 Old Generation, action:end of major GC, gcCause:Allocation Failure(237 ms)
start:101099 Name:G1 Young Generation, action:end of minor GC, gcCause:G1 Evacuation Pause(4 ms)
start:101104 Name:G1 Young Generation, action:end of minor GC, gcCause:G1 Evacuation Pause(4 ms)
start:101111 Name:G1 Young Generation, action:end of minor GC, gcCause:G1 Evacuation Pause(4 ms)
start:113932 Name:G1 Young Generation, action:end of minor GC, gcCause:G1 Evacuation Pause(11 ms)
start:113945 Name:G1 Young Generation, action:end of minor GC, gcCause:G1 Evacuation Pause(4 ms)
start:113951 Name:G1 Young Generation, action:end of minor GC, gcCause:G1 Evacuation Pause(5 ms)
start:113958 Name:G1 Young Generation, action:end of minor GC, gcCause:G1 Evacuation Pause(4 ms)
start:113965 Name:G1 Young Generation, action:end of minor GC, gcCause:G1 Evacuation Pause(4 ms)
start:113971 Name:G1 Young Generation, action:end of minor GC, gcCause:G1 Evacuation Pause(5 ms)
start:113978 Name:G1 Young Generation, action:end of minor GC, gcCause:G1 Evacuation Pause(5 ms)
start:115109 Name:G1 Young Generation, action:end of minor GC, gcCause:G1 Evacuation Pause(12 ms)
start:115122 Name:G1 Young Generation, action:end of minor GC, gcCause:G1 Evacuation Pause(17 ms)
start:115140 Name:G1 Old Generation, action:end of major GC, gcCause:Allocation Failure(243 ms)
start:127776 Name:G1 Young Generation, action:end of minor GC, gcCause:G1 Evacuation Pause(10 ms)
start:127788 Name:G1 Young Generation, action:end of minor GC, gcCause:G1 Evacuation Pause(4 ms)
start:127794 Name:G1 Young Generation, action:end of minor GC, gcCause:G1 Evacuation Pause(4 ms)
start:127801 Name:G1 Young Generation, action:end of minor GC, gcCause:G1 Evacuation Pause(4 ms)
start:127807 Name:G1 Young Generation, action:end of minor GC, gcCause:G1 Evacuation Pause(5 ms)
start:127814 Name:G1 Young Generation, action:end of minor GC, gcCause:G1 Evacuation Pause(5 ms)
start:127820 Name:G1 Young Generation, action:end of minor GC, gcCause:G1 Evacuation Pause(6 ms)
start:127827 Name:G1 Young Generation, action:end of minor GC, gcCause:G1 Evacuation Pause(0 ms)
start:127828 Name:G1 Old Generation, action:end of major GC, gcCause:Allocation Failure(234 ms)
start:142035 Name:G1 Young Generation, action:end of minor GC, gcCause:G1 Evacuation Pause(11 ms)
start:142047 Name:G1 Young Generation, action:end of minor GC, gcCause:G1 Evacuation Pause(4 ms)
start:142053 Name:G1 Young Generation, action:end of minor GC, gcCause:G1 Evacuation Pause(5 ms)
start:142060 Name:G1 Young Generation, action:end of minor GC, gcCause:G1 Evacuation Pause(4 ms)
start:142066 Name:G1 Young Generation, action:end of minor GC, gcCause:G1 Evacuation Pause(5 ms)
start:142073 Name:G1 Young Generation, action:end of minor GC, gcCause:G1 Evacuation Pause(6 ms)
start:142079 Name:G1 Young Generation, action:end of minor GC, gcCause:G1 Evacuation Pause(1 ms)
start:142080 Name:G1 Old Generation, action:end of major GC, gcCause:Allocation Failure(238 ms)
start:142322 Name:G1 Young Generation, action:end of minor GC, gcCause:G1 Evacuation Pause(5 ms)
start:156811 Name:G1 Young Generation, action:end of minor GC, gcCause:G1 Evacuation Pause(13 ms)
start:156826 Name:G1 Young Generation, action:end of minor GC, gcCause:G1 Evacuation Pause(4 ms)
start:156832 Name:G1 Young Generation, action:end of minor GC, gcCause:G1 Evacuation Pause(4 ms)
start:156839 Name:G1 Young Generation, action:end of minor GC, gcCause:G1 Evacuation Pause(4 ms)
start:156846 Name:G1 Young Generation, action:end of minor GC, gcCause:G1 Evacuation Pause(6 ms)
start:156853 Name:G1 Young Generation, action:end of minor GC, gcCause:G1 Evacuation Pause(0 ms)
start:156854 Name:G1 Old Generation, action:end of major GC, gcCause:Allocation Failure(226 ms)
start:157082 Name:G1 Young Generation, action:end of minor GC, gcCause:G1 Evacuation Pause(4 ms)
start:157088 Name:G1 Young Generation, action:end of minor GC, gcCause:G1 Evacuation Pause(6 ms)
start:172358 Name:G1 Young Generation, action:end of minor GC, gcCause:G1 Evacuation Pause(12 ms)
start:172372 Name:G1 Young Generation, action:end of minor GC, gcCause:G1 Evacuation Pause(4 ms)
start:172378 Name:G1 Young Generation, action:end of minor GC, gcCause:G1 Evacuation Pause(5 ms)
start:172385 Name:G1 Young Generation, action:end of minor GC, gcCause:G1 Evacuation Pause(6 ms)
start:172391 Name:G1 Young Generation, action:end of minor GC, gcCause:G1 Evacuation Pause(3 ms)
start:172394 Name:G1 Young Generation, action:end of minor GC, gcCause:G1 Evacuation Pause(1 ms)
start:172395 Name:G1 Old Generation, action:end of major GC, gcCause:Allocation Failure(231 ms)
start:172628 Name:G1 Young Generation, action:end of minor GC, gcCause:G1 Evacuation Pause(4 ms)
start:172635 Name:G1 Young Generation, action:end of minor GC, gcCause:G1 Evacuation Pause(5 ms)
start:172642 Name:G1 Young Generation, action:end of minor GC, gcCause:G1 Evacuation Pause(5 ms)
start:188934 Name:G1 Young Generation, action:end of minor GC, gcCause:G1 Evacuation Pause(14 ms)
start:188949 Name:G1 Young Generation, action:end of minor GC, gcCause:G1 Evacuation Pause(6 ms)
start:188956 Name:G1 Young Generation, action:end of minor GC, gcCause:G1 Evacuation Pause(1 ms)
start:188957 Name:G1 Young Generation, action:end of minor GC, gcCause:G1 Evacuation Pause(0 ms)
start:188957 Name:G1 Old Generation, action:end of major GC, gcCause:Allocation Failure(227 ms)
start:189187 Name:G1 Young Generation, action:end of minor GC, gcCause:G1 Evacuation Pause(4 ms)
start:189193 Name:G1 Young Generation, action:end of minor GC, gcCause:G1 Evacuation Pause(4 ms)
start:189199 Name:G1 Young Generation, action:end of minor GC, gcCause:G1 Evacuation Pause(5 ms)
start:189206 Name:G1 Young Generation, action:end of minor GC, gcCause:G1 Evacuation Pause(4 ms)
start:189212 Name:G1 Young Generation, action:end of minor GC, gcCause:G1 Evacuation Pause(4 ms)
start:205559 Name:G1 Young Generation, action:end of minor GC, gcCause:G1 Evacuation Pause(12 ms)
start:205572 Name:G1 Young Generation, action:end of minor GC, gcCause:G1 Evacuation Pause(6 ms)
start:205579 Name:G1 Young Generation, action:end of minor GC, gcCause:G1 Evacuation Pause(4 ms)
start:205583 Name:G1 Young Generation, action:end of minor GC, gcCause:G1 Evacuation Pause(1 ms)
start:205584 Name:G1 Young Generation, action:end of minor GC, gcCause:G1 Evacuation Pause(1 ms)
start:205585 Name:G1 Young Generation, action:end of minor GC, gcCause:G1 Evacuation Pause(1 ms)
start:205586 Name:G1 Old Generation, action:end of major GC, gcCause:Allocation Failure(231 ms)
start:205819 Name:G1 Young Generation, action:end of minor GC, gcCause:G1 Evacuation Pause(4 ms)
start:205825 Name:G1 Young Generation, action:end of minor GC, gcCause:G1 Evacuation Pause(4 ms)
start:205831 Name:G1 Young Generation, action:end of minor GC, gcCause:G1 Evacuation Pause(4 ms)
start:205837 Name:G1 Young Generation, action:end of minor GC, gcCause:G1 Evacuation Pause(5 ms)
start:205844 Name:G1 Young Generation, action:end of minor GC, gcCause:G1 Evacuation Pause(5 ms)
start:222643 Name:G1 Young Generation, action:end of minor GC, gcCause:G1 Evacuation Pause(13 ms)
start:222657 Name:G1 Young Generation, action:end of minor GC, gcCause:G1 Evacuation Pause(6 ms)
start:222663 Name:G1 Young Generation, action:end of minor GC, gcCause:G1 Evacuation Pause(1 ms)
start:222664 Name:G1 Young Generation, action:end of minor GC, gcCause:G1 Evacuation Pause(1 ms)
start:222665 Name:G1 Young Generation, action:end of minor GC, gcCause:G1 Evacuation Pause(0 ms)
start:222665 Name:G1 Old Generation, action:end of major GC, gcCause:Allocation Failure(231 ms)
start:222898 Name:G1 Young Generation, action:end of minor GC, gcCause:G1 Evacuation Pause(5 ms)
start:222906 Name:G1 Young Generation, action:end of minor GC, gcCause:G1 Evacuation Pause(3 ms)
start:222912 Name:G1 Young Generation, action:end of minor GC, gcCause:G1 Evacuation Pause(4 ms)
start:222918 Name:G1 Young Generation, action:end of minor GC, gcCause:G1 Evacuation Pause(7 ms)
start:222927 Name:G1 Young Generation, action:end of minor GC, gcCause:G1 Evacuation Pause(5 ms)
start:240175 Name:G1 Young Generation, action:end of minor GC, gcCause:G1 Evacuation Pause(14 ms)
start:240190 Name:G1 Young Generation, action:end of minor GC, gcCause:G1 Evacuation Pause(4 ms)
start:240194 Name:G1 Young Generation, action:end of minor GC, gcCause:G1 Evacuation Pause(1 ms)
start:240195 Name:G1 Old Generation, action:end of major GC, gcCause:Allocation Failure(238 ms)
start:240437 Name:G1 Young Generation, action:end of minor GC, gcCause:G1 Evacuation Pause(3 ms)
start:240442 Name:G1 Young Generation, action:end of minor GC, gcCause:G1 Evacuation Pause(5 ms)
start:240449 Name:G1 Young Generation, action:end of minor GC, gcCause:G1 Evacuation Pause(5 ms)
start:240456 Name:G1 Young Generation, action:end of minor GC, gcCause:G1 Evacuation Pause(4 ms)
start:240462 Name:G1 Young Generation, action:end of minor GC, gcCause:G1 Evacuation Pause(4 ms)
start:240469 Name:G1 Young Generation, action:end of minor GC, gcCause:G1 Evacuation Pause(6 ms)
start:240475 Name:G1 Young Generation, action:end of minor GC, gcCause:G1 Evacuation Pause(3 ms)
start:240478 Name:G1 Young Generation, action:end of minor GC, gcCause:G1 Evacuation Pause(2 ms)
start:240480 Name:G1 Old Generation, action:end of major GC, gcCause:Allocation Failure(254 ms)
start:258272 Name:G1 Young Generation, action:end of minor GC, gcCause:G1 Evacuation Pause(13 ms)
start:258285 Name:G1 Young Generation, action:end of minor GC, gcCause:G1 Evacuation Pause(1 ms)
start:258287 Name:G1 Old Generation, action:end of major GC, gcCause:Allocation Failure(226 ms)
start:258515 Name:G1 Young Generation, action:end of minor GC, gcCause:G1 Evacuation Pause(5 ms)
start:258522 Name:G1 Young Generation, action:end of minor GC, gcCause:G1 Evacuation Pause(5 ms)
start:258529 Name:G1 Young Generation, action:end of minor GC, gcCause:G1 Evacuation Pause(7 ms)
start:258538 Name:G1 Young Generation, action:end of minor GC, gcCause:G1 Evacuation Pause(5 ms)
start:258545 Name:G1 Young Generation, action:end of minor GC, gcCause:G1 Evacuation Pause(5 ms)
start:258552 Name:G1 Young Generation, action:end of minor GC, gcCause:G1 Evacuation Pause(5 ms)
start:258558 Name:G1 Young Generation, action:end of minor GC, gcCause:G1 Evacuation Pause(1 ms)
start:258559 Name:G1 Young Generation, action:end of minor GC, gcCause:G1 Evacuation Pause(0 ms)
start:258560 Name:G1 Old Generation, action:end of major GC, gcCause:Allocation Failure(235 ms)
start:276702 Name:G1 Young Generation, action:end of minor GC, gcCause:G1 Evacuation Pause(13 ms)
start:276715 Name:G1 Young Generation, action:end of minor GC, gcCause:G1 Evacuation Pause(1 ms)
start:276717 Name:G1 Old Generation, action:end of major GC, gcCause:Allocation Failure(225 ms)
start:276944 Name:G1 Young Generation, action:end of minor GC, gcCause:G1 Evacuation Pause(4 ms)
start:276950 Name:G1 Young Generation, action:end of minor GC, gcCause:G1 Evacuation Pause(4 ms)
start:276956 Name:G1 Young Generation, action:end of minor GC, gcCause:G1 Evacuation Pause(4 ms)
start:276962 Name:G1 Young Generation, action:end of minor GC, gcCause:G1 Evacuation Pause(4 ms)
start:276968 Name:G1 Young Generation, action:end of minor GC, gcCause:G1 Evacuation Pause(5 ms)
start:276975 Name:G1 Young Generation, action:end of minor GC, gcCause:G1 Evacuation Pause(5 ms)
start:276981 Name:G1 Young Generation, action:end of minor GC, gcCause:G1 Evacuation Pause(0 ms)
start:276982 Name:G1 Young Generation, action:end of minor GC, gcCause:G1 Evacuation Pause(0 ms)
start:276982 Name:G1 Young Generation, action:end of minor GC, gcCause:G1 Evacuation Pause(1 ms)
start:276983 Name:G1 Old Generation, action:end of major GC, gcCause:Allocation Failure(231 ms)
start:277216 Name:G1 Young Generation, action:end of minor GC, gcCause:G1 Evacuation Pause(5 ms)
start:277222 Name:G1 Young Generation, action:end of minor GC, gcCause:G1 Evacuation Pause(1 ms)
start:277223 Name:G1 Old Generation, action:end of major GC, gcCause:Allocation Failure(242 ms)
start:295535 Name:G1 Young Generation, action:end of minor GC, gcCause:G1 Evacuation Pause(12 ms)
start:295547 Name:G1 Young Generation, action:end of minor GC, gcCause:G1 Evacuation Pause(1 ms)
start:295548 Name:G1 Old Generation, action:end of major GC, gcCause:Allocation Failure(227 ms)
start:295778 Name:G1 Young Generation, action:end of minor GC, gcCause:G1 Evacuation Pause(5 ms)
start:295785 Name:G1 Young Generation, action:end of minor GC, gcCause:G1 Evacuation Pause(4 ms)
start:295791 Name:G1 Young Generation, action:end of minor GC, gcCause:G1 Evacuation Pause(4 ms)
start:295797 Name:G1 Young Generation, action:end of minor GC, gcCause:G1 Evacuation Pause(4 ms)
start:295803 Name:G1 Young Generation, action:end of minor GC, gcCause:G1 Evacuation Pause(6 ms)
start:295811 Name:G1 Young Generation, action:end of minor GC, gcCause:G1 Evacuation Pause(4 ms)
start:295815 Name:G1 Young Generation, action:end of minor GC, gcCause:G1 Evacuation Pause(1 ms)
start:295816 Name:G1 Old Generation, action:end of major GC, gcCause:Allocation Failure(247 ms)
start:296065 Name:G1 Young Generation, action:end of minor GC, gcCause:G1 Evacuation Pause(5 ms)
start:296070 Name:G1 Young Generation, action:end of minor GC, gcCause:G1 Evacuation Pause(1 ms)
start:296071 Name:G1 Young Generation, action:end of minor GC, gcCause:G1 Evacuation Pause(1 ms)
start:296072 Name:G1 Old Generation, action:end of major GC, gcCause:Allocation Failure(237 ms)
start:307258 Name:G1 Young Generation, action:end of minor GC, gcCause:G1 Evacuation Pause(11 ms)
start:307270 Name:G1 Young Generation, action:end of minor GC, gcCause:G1 Evacuation Pause(9 ms)
start:307291 Name:G1 Old Generation, action:end of major GC, gcCause:Allocation Failure(237 ms)
start:315050 Name:G1 Young Generation, action:end of minor GC, gcCause:G1 Evacuation Pause(11 ms)
start:315063 Name:G1 Young Generation, action:end of minor GC, gcCause:G1 Evacuation Pause(6 ms)
start:315070 Name:G1 Young Generation, action:end of minor GC, gcCause:G1 Evacuation Pause(2 ms)
start:315072 Name:G1 Young Generation, action:end of minor GC, gcCause:G1 Evacuation Pause(1 ms)
start:315073 Name:G1 Old Generation, action:end of major GC, gcCause:Allocation Failure(234 ms)
start:315311 Name:G1 Young Generation, action:end of minor GC, gcCause:G1 Evacuation Pause(4 ms)
start:315317 Name:G1 Young Generation, action:end of minor GC, gcCause:G1 Evacuation Pause(5 ms)
start:315324 Name:G1 Young Generation, action:end of minor GC, gcCause:G1 Evacuation Pause(7 ms)
start:315331 Name:G1 Young Generation, action:end of minor GC, gcCause:G1 Evacuation Pause(3 ms)
start:315334 Name:G1 Young Generation, action:end of minor GC, gcCause:G1 Evacuation Pause(1 ms)
start:315335 Name:G1 Young Generation, action:end of minor GC, gcCause:G1 Evacuation Pause(1 ms)
start:315336 Name:G1 Old Generation, action:end of major GC, gcCause:Allocation Failure(232 ms)
start:315573 Name:G1 Young Generation, action:end of minor GC, gcCause:G1 Evacuation Pause(5 ms)
start:315578 Name:G1 Young Generation, action:end of minor GC, gcCause:G1 Evacuation Pause(1 ms)
start:315579 Name:G1 Young Generation, action:end of minor GC, gcCause:G1 Evacuation Pause(1 ms)
start:315580 Name:G1 Old Generation, action:end of major GC, gcCause:Allocation Failure(232 ms)
start:315814 Name:G1 Young Generation, action:end of minor GC, gcCause:G1 Evacuation Pause(3 ms)
start:315817 Name:G1 Young Generation, action:end of minor GC, gcCause:G1 Evacuation Pause(1 ms)
start:315818 Name:G1 Old Generation, action:end of major GC, gcCause:Allocation Failure(237 ms)
start:323262 Name:G1 Young Generation, action:end of minor GC, gcCause:G1 Evacuation Pause(12 ms)
start:323274 Name:G1 Young Generation, action:end of minor GC, gcCause:G1 Evacuation Pause(9 ms)
start:323295 Name:G1 Young Generation, action:end of minor GC, gcCause:G1 Evacuation Pause(9 ms)
start:323316 Name:G1 Old Generation, action:end of major GC, gcCause:Allocation Failure(242 ms)
start:335339 Name:G1 Young Generation, action:end of minor GC, gcCause:G1 Evacuation Pause(17 ms)
start:335356 Name:G1 Young Generation, action:end of minor GC, gcCause:G1 Evacuation Pause(2 ms)
start:335358 Name:G1 Young Generation, action:end of minor GC, gcCause:G1 Evacuation Pause(1 ms)
start:335359 Name:G1 Young Generation, action:end of minor GC, gcCause:G1 Evacuation Pause(0 ms)
start:335359 Name:G1 Old Generation, action:end of major GC, gcCause:Allocation Failure(238 ms)
start:335599 Name:G1 Young Generation, action:end of minor GC, gcCause:G1 Evacuation Pause(5 ms)
start:335606 Name:G1 Young Generation, action:end of minor GC, gcCause:G1 Evacuation Pause(5 ms)
start:335613 Name:G1 Young Generation, action:end of minor GC, gcCause:G1 Evacuation Pause(4 ms)
start:335620 Name:G1 Young Generation, action:end of minor GC, gcCause:G1 Evacuation Pause(6 ms)
start:335626 Name:G1 Young Generation, action:end of minor GC, gcCause:G1 Evacuation Pause(1 ms)
start:335628 Name:G1 Young Generation, action:end of minor GC, gcCause:G1 Evacuation Pause(0 ms)
start:335628 Name:G1 Young Generation, action:end of minor GC, gcCause:G1 Evacuation Pause(1 ms)
start:335629 Name:G1 Old Generation, action:end of major GC, gcCause:Allocation Failure(233 ms)
start:335867 Name:G1 Young Generation, action:end of minor GC, gcCause:G1 Evacuation Pause(5 ms)
start:335872 Name:G1 Young Generation, action:end of minor GC, gcCause:G1 Evacuation Pause(1 ms)
start:335873 Name:G1 Old Generation, action:end of major GC, gcCause:Allocation Failure(241 ms)
start:336116 Name:G1 Young Generation, action:end of minor GC, gcCause:G1 Evacuation Pause(3 ms)
start:336119 Name:G1 Young Generation, action:end of minor GC, gcCause:G1 Evacuation Pause(1 ms)
start:336121 Name:G1 Young Generation, action:end of minor GC, gcCause:G1 Evacuation Pause(1 ms)
start:336122 Name:G1 Young Generation, action:end of minor GC, gcCause:G1 Evacuation Pause(0 ms)
start:336122 Name:G1 Old Generation, action:end of major GC, gcCause:Allocation Failure(243 ms)
start:336366 Name:G1 Young Generation, action:end of minor GC, gcCause:G1 Evacuation Pause(3 ms)
start:336369 Name:G1 Young Generation, action:end of minor GC, gcCause:G1 Evacuation Pause(1 ms)
start:336371 Name:G1 Old Generation, action:end of major GC, gcCause:Allocation Failure(237 ms)
start:336609 Name:G1 Young Generation, action:end of minor GC, gcCause:G1 Evacuation Pause(2 ms)
start:336611 Name:G1 Young Generation, action:end of minor GC, gcCause:G1 Evacuation Pause(1 ms)
start:336612 Name:G1 Old Generation, action:end of major GC, gcCause:Allocation Failure(234 ms)
start:339286 Name:G1 Young Generation, action:end of minor GC, gcCause:G1 Evacuation Pause(11 ms)
start:339298 Name:G1 Young Generation, action:end of minor GC, gcCause:G1 Evacuation Pause(10 ms)
start:339321 Name:G1 Young Generation, action:end of minor GC, gcCause:G1 Evacuation Pause(10 ms)
start:339342 Name:G1 Old Generation, action:end of major GC, gcCause:Allocation Failure(241 ms)
start:356718 Name:G1 Young Generation, action:end of minor GC, gcCause:G1 Evacuation Pause(11 ms)
start:356729 Name:G1 Young Generation, action:end of minor GC, gcCause:G1 Evacuation Pause(1 ms)
start:356731 Name:G1 Old Generation, action:end of major GC, gcCause:Allocation Failure(230 ms)
start:356963 Name:G1 Young Generation, action:end of minor GC, gcCause:G1 Evacuation Pause(4 ms)
start:356969 Name:G1 Young Generation, action:end of minor GC, gcCause:G1 Evacuation Pause(4 ms)
start:356975 Name:G1 Young Generation, action:end of minor GC, gcCause:G1 Evacuation Pause(4 ms)
start:356981 Name:G1 Young Generation, action:end of minor GC, gcCause:G1 Evacuation Pause(6 ms)
start:356988 Name:G1 Young Generation, action:end of minor GC, gcCause:G1 Evacuation Pause(3 ms)
start:356992 Name:G1 Young Generation, action:end of minor GC, gcCause:G1 Evacuation Pause(0 ms)
start:356993 Name:G1 Old Generation, action:end of major GC, gcCause:Allocation Failure(229 ms)
start:357223 Name:G1 Young Generation, action:end of minor GC, gcCause:G1 Evacuation Pause(5 ms)
start:357228 Name:G1 Young Generation, action:end of minor GC, gcCause:G1 Evacuation Pause(1 ms)
start:357229 Name:G1 Old Generation, action:end of major GC, gcCause:Allocation Failure(242 ms)
start:357472 Name:G1 Young Generation, action:end of minor GC, gcCause:G1 Evacuation Pause(3 ms)
start:357475 Name:G1 Young Generation, action:end of minor GC, gcCause:G1 Evacuation Pause(1 ms)
start:357476 Name:G1 Old Generation, action:end of major GC, gcCause:Allocation Failure(227 ms)
start:357704 Name:G1 Young Generation, action:end of minor GC, gcCause:G1 Evacuation Pause(3 ms)
start:357707 Name:G1 Young Generation, action:end of minor GC, gcCause:G1 Evacuation Pause(1 ms)
start:357708 Name:G1 Old Generation, action:end of major GC, gcCause:Allocation Failure(238 ms)
start:357947 Name:G1 Young Generation, action:end of minor GC, gcCause:G1 Evacuation Pause(1 ms)
start:357949 Name:G1 Young Generation, action:end of minor GC, gcCause:G1 Evacuation Pause(0 ms)
start:357950 Name:G1 Old Generation, action:end of major GC, gcCause:Allocation Failure(236 ms)
start:358187 Name:G1 Young Generation, action:end of minor GC, gcCause:G1 Evacuation Pause(1 ms)
start:358188 Name:G1 Young Generation, action:end of minor GC, gcCause:G1 Evacuation Pause(1 ms)
start:358189 Name:G1 Old Generation, action:end of major GC, gcCause:Allocation Failure(236 ms)
start:358426 Name:G1 Young Generation, action:end of minor GC, gcCause:G1 Evacuation Pause(1 ms)
start:358428 Name:G1 Young Generation, action:end of minor GC, gcCause:G1 Evacuation Pause(0 ms)
start:358429 Name:G1 Old Generation, action:end of major GC, gcCause:Allocation Failure(234 ms)
start:358663 Name:G1 Young Generation, action:end of minor GC, gcCause:G1 Evacuation Pause(2 ms)
start:358665 Name:G1 Young Generation, action:end of minor GC, gcCause:G1 Evacuation Pause(0 ms)
start:358666 Name:G1 Old Generation, action:end of major GC, gcCause:Allocation Failure(233 ms)
start:358899 Name:G1 Old Generation, action:end of major GC, gcCause:Allocation Failure(233 ms)
start:359133 Name:G1 Young Generation, action:end of minor GC, gcCause:G1 Evacuation Pause(0 ms)
start:359133 Name:G1 Young Generation, action:end of minor GC, gcCause:G1 Evacuation Pause(1 ms)
start:359134 Name:G1 Old Generation, action:end of major GC, gcCause:Allocation Failure(53 ms)
Exception in thread "main" java.lang.OutOfMemoryError: Java heap space
	at java.base/java.lang.StringUTF16.compress(StringUTF16.java:157)
	at java.base/java.lang.String.<init>(String.java:3015)
	at java.base/java.lang.String.<init>(String.java:249)
	at hw04.Main.memoryTest(Main.java:62)
	at hw04.Main.main(Main.java:33)
[END] size = 0, ops counter = 4889583, time spent = 358 secs, GC duration: 9926 ms

Process finished with exit code 1
