/Library/Java/JavaVirtualMachines/jdk-9.0.1.jdk/Contents/Home/bin/java -Xms256m -Xmx256m -XX:+UseParallelGC "-javaagent:/Applications/IntelliJ IDEA CE.app/Contents/lib/idea_rt.jar=57703:/Applications/IntelliJ IDEA CE.app/Contents/bin" -Dfile.encoding=UTF-8 -classpath /Users/snazarov/projects/java/java-otus/hw04/target/classes hw04.Main
GC name:PS MarkSweep
GC name:PS Scavenge
start:505 Name:PS Scavenge, action:end of minor GC, gcCause:Allocation Failure(17 ms)
start:869 Name:PS Scavenge, action:end of minor GC, gcCause:Allocation Failure(27 ms)
start:1792 Name:PS Scavenge, action:end of minor GC, gcCause:Allocation Failure(20 ms)
start:3356 Name:PS Scavenge, action:end of minor GC, gcCause:Allocation Failure(18 ms)
start:5275 Name:PS Scavenge, action:end of minor GC, gcCause:Allocation Failure(18 ms)
start:8078 Name:PS Scavenge, action:end of minor GC, gcCause:Allocation Failure(19 ms)
start:8102 Name:PS Scavenge, action:end of minor GC, gcCause:Allocation Failure(10 ms)
start:8116 Name:PS Scavenge, action:end of minor GC, gcCause:Allocation Failure(11 ms)
start:11655 Name:PS Scavenge, action:end of minor GC, gcCause:Allocation Failure(17 ms)
start:11672 Name:PS MarkSweep, action:end of major GC, gcCause:Ergonomics(112 ms)
start:11789 Name:PS Scavenge, action:end of minor GC, gcCause:Allocation Failure(8 ms)
start:16232 Name:PS Scavenge, action:end of minor GC, gcCause:Allocation Failure(13 ms)
start:16250 Name:PS Scavenge, action:end of minor GC, gcCause:Allocation Failure(13 ms)
start:16263 Name:PS MarkSweep, action:end of major GC, gcCause:Ergonomics(89 ms)
start:16359 Name:PS Scavenge, action:end of minor GC, gcCause:Allocation Failure(7 ms)
start:21772 Name:PS Scavenge, action:end of minor GC, gcCause:Allocation Failure(14 ms)
start:21786 Name:PS MarkSweep, action:end of major GC, gcCause:Ergonomics(90 ms)
start:21881 Name:PS MarkSweep, action:end of major GC, gcCause:Ergonomics(77 ms)
start:28187 Name:PS MarkSweep, action:end of major GC, gcCause:Ergonomics(99 ms)
start:28291 Name:PS MarkSweep, action:end of major GC, gcCause:Ergonomics(90 ms)
start:28386 Name:PS MarkSweep, action:end of major GC, gcCause:Ergonomics(101 ms)
start:35671 Name:PS MarkSweep, action:end of major GC, gcCause:Ergonomics(96 ms)
start:35771 Name:PS MarkSweep, action:end of major GC, gcCause:Ergonomics(83 ms)
start:43716 Name:PS MarkSweep, action:end of major GC, gcCause:Ergonomics(98 ms)
start:43818 Name:PS MarkSweep, action:end of major GC, gcCause:Ergonomics(82 ms)
start:43903 Name:PS MarkSweep, action:end of major GC, gcCause:Ergonomics(84 ms)
start:52626 Name:PS MarkSweep, action:end of major GC, gcCause:Ergonomics(105 ms)
start:52735 Name:PS MarkSweep, action:end of major GC, gcCause:Ergonomics(85 ms)
start:52822 Name:PS MarkSweep, action:end of major GC, gcCause:Ergonomics(83 ms)
start:52907 Name:PS MarkSweep, action:end of major GC, gcCause:Ergonomics(97 ms)
start:62756 Name:PS MarkSweep, action:end of major GC, gcCause:Ergonomics(105 ms)
start:62865 Name:PS MarkSweep, action:end of major GC, gcCause:Ergonomics(98 ms)
start:62966 Name:PS MarkSweep, action:end of major GC, gcCause:Ergonomics(88 ms)
start:63056 Name:PS MarkSweep, action:end of major GC, gcCause:Ergonomics(96 ms)
start:63153 Name:PS MarkSweep, action:end of major GC, gcCause:Ergonomics(181 ms)
start:63335 Name:PS MarkSweep, action:end of major GC, gcCause:Ergonomics(95 ms)
start:63431 Name:PS MarkSweep, action:end of major GC, gcCause:Ergonomics(88 ms)
start:63520 Name:PS MarkSweep, action:end of major GC, gcCause:Ergonomics(92 ms)
start:63612 Name:PS MarkSweep, action:end of major GC, gcCause:Ergonomics(92 ms)
start:63705 Name:PS MarkSweep, action:end of major GC, gcCause:Ergonomics(88 ms)
start:63794 Name:PS MarkSweep, action:end of major GC, gcCause:Ergonomics(87 ms)
start:63881 Name:PS MarkSweep, action:end of major GC, gcCause:Ergonomics(88 ms)
start:63969 Name:PS MarkSweep, action:end of major GC, gcCause:Ergonomics(89 ms)
start:64058 Name:PS MarkSweep, action:end of major GC, gcCause:Ergonomics(92 ms)
start:64150 Name:PS MarkSweep, action:end of major GC, gcCause:Ergonomics(89 ms)
start:64240 Name:PS MarkSweep, action:end of major GC, gcCause:Ergonomics(87 ms)
start:64328 Name:PS MarkSweep, action:end of major GC, gcCause:Ergonomics(87 ms)
start:64415 Name:PS MarkSweep, action:end of major GC, gcCause:Ergonomics(90 ms)
start:64505 Name:PS MarkSweep, action:end of major GC, gcCause:Ergonomics(94 ms)
start:64599 Name:PS MarkSweep, action:end of major GC, gcCause:Ergonomics(94 ms)
start:64693 Name:PS MarkSweep, action:end of major GC, gcCause:Ergonomics(99 ms)
start:64792 Name:PS MarkSweep, action:end of major GC, gcCause:Ergonomics(85 ms)
start:64878 Name:PS MarkSweep, action:end of major GC, gcCause:Ergonomics(86 ms)
start:64964 Name:PS MarkSweep, action:end of major GC, gcCause:Ergonomics(86 ms)
start:65050 Name:PS MarkSweep, action:end of major GC, gcCause:Ergonomics(88 ms)
start:65138 Name:PS MarkSweep, action:end of major GC, gcCause:Ergonomics(85 ms)
start:65223 Name:PS MarkSweep, action:end of major GC, gcCause:Ergonomics(85 ms)
start:65308 Name:PS MarkSweep, action:end of major GC, gcCause:Ergonomics(86 ms)
start:65395 Name:PS MarkSweep, action:end of major GC, gcCause:Ergonomics(92 ms)
start:65488 Name:PS MarkSweep, action:end of major GC, gcCause:Ergonomics(84 ms)
start:65572 Name:PS MarkSweep, action:end of major GC, gcCause:Ergonomics(87 ms)
start:65659 Name:PS MarkSweep, action:end of major GC, gcCause:Ergonomics(89 ms)
start:65748 Name:PS MarkSweep, action:end of major GC, gcCause:Ergonomics(84 ms)
start:65832 Name:PS MarkSweep, action:end of major GC, gcCause:Ergonomics(88 ms)
start:65921 Name:PS MarkSweep, action:end of major GC, gcCause:Ergonomics(85 ms)
start:66006 Name:PS MarkSweep, action:end of major GC, gcCause:Ergonomics(88 ms)
start:66094 Name:PS MarkSweep, action:end of major GC, gcCause:Ergonomics(86 ms)
start:66180 Name:PS MarkSweep, action:end of major GC, gcCause:Ergonomics(86 ms)
start:66266 Name:PS MarkSweep, action:end of major GC, gcCause:Ergonomics(85 ms)
start:66351 Name:PS MarkSweep, action:end of major GC, gcCause:Ergonomics(85 ms)
start:66436 Name:PS MarkSweep, action:end of major GC, gcCause:Ergonomics(85 ms)
start:66521 Name:PS MarkSweep, action:end of major GC, gcCause:Ergonomics(93 ms)
start:66614 Name:PS MarkSweep, action:end of major GC, gcCause:Ergonomics(152 ms)
start:66767 Name:PS MarkSweep, action:end of major GC, gcCause:Ergonomics(16 ms)
[END] size = 0, ops counter = 1824041, time spent = 66 secs, GC duration: 2346 ms
Exception in thread "main" java.lang.OutOfMemoryError: GC overhead limit exceeded
	at hw04.Main.memoryTest(Main.java:62)
	at hw04.Main.main(Main.java:33)

Process finished with exit code 1
