/Library/Java/JavaVirtualMachines/jdk-9.0.1.jdk/Contents/Home/bin/java -Xms256m -Xmx256m -XX:+UseSerialGC "-javaagent:/Applications/IntelliJ IDEA CE.app/Contents/lib/idea_rt.jar=57708:/Applications/IntelliJ IDEA CE.app/Contents/bin" -Dfile.encoding=UTF-8 -classpath /Users/snazarov/projects/java/java-otus/hw04/target/classes hw04.Main
GC name:Copy
GC name:MarkSweepCompact
start:433 Name:Copy, action:end of minor GC, gcCause:Allocation Failure(40 ms)
start:821 Name:Copy, action:end of minor GC, gcCause:Allocation Failure(62 ms)
start:1752 Name:Copy, action:end of minor GC, gcCause:Allocation Failure(42 ms)
start:3298 Name:Copy, action:end of minor GC, gcCause:Allocation Failure(36 ms)
start:5287 Name:Copy, action:end of minor GC, gcCause:Allocation Failure(37 ms)
start:8124 Name:Copy, action:end of minor GC, gcCause:Allocation Failure(39 ms)
start:11738 Name:Copy, action:end of minor GC, gcCause:Allocation Failure(34 ms)
start:16199 Name:Copy, action:end of minor GC, gcCause:Allocation Failure(0 ms)
start:16199 Name:MarkSweepCompact, action:end of major GC, gcCause:Allocation Failure(133 ms)
start:21678 Name:Copy, action:end of minor GC, gcCause:Allocation Failure(20 ms)
start:27837 Name:Copy, action:end of minor GC, gcCause:Allocation Failure(0 ms)
start:27837 Name:MarkSweepCompact, action:end of major GC, gcCause:Allocation Failure(144 ms)
start:35266 Name:Copy, action:end of minor GC, gcCause:Allocation Failure(0 ms)
start:35266 Name:MarkSweepCompact, action:end of major GC, gcCause:Allocation Failure(144 ms)
start:43490 Name:Copy, action:end of minor GC, gcCause:Allocation Failure(0 ms)
start:43490 Name:MarkSweepCompact, action:end of major GC, gcCause:Allocation Failure(141 ms)
start:52579 Name:Copy, action:end of minor GC, gcCause:Allocation Failure(0 ms)
start:52579 Name:MarkSweepCompact, action:end of major GC, gcCause:Allocation Failure(144 ms)
start:62221 Name:MarkSweepCompact, action:end of major GC, gcCause:Allocation Failure(152 ms)
start:62388 Name:MarkSweepCompact, action:end of major GC, gcCause:Allocation Failure(136 ms)
start:72905 Name:MarkSweepCompact, action:end of major GC, gcCause:Allocation Failure(157 ms)
start:83881 Name:MarkSweepCompact, action:end of major GC, gcCause:Allocation Failure(153 ms)
start:84048 Name:MarkSweepCompact, action:end of major GC, gcCause:Allocation Failure(139 ms)
start:96406 Name:MarkSweepCompact, action:end of major GC, gcCause:Allocation Failure(158 ms)
start:96577 Name:MarkSweepCompact, action:end of major GC, gcCause:Allocation Failure(157 ms)
start:109612 Name:MarkSweepCompact, action:end of major GC, gcCause:Allocation Failure(153 ms)
start:109777 Name:MarkSweepCompact, action:end of major GC, gcCause:Allocation Failure(133 ms)
start:123296 Name:MarkSweepCompact, action:end of major GC, gcCause:Allocation Failure(154 ms)
start:123462 Name:MarkSweepCompact, action:end of major GC, gcCause:Allocation Failure(167 ms)
start:138196 Name:MarkSweepCompact, action:end of major GC, gcCause:Allocation Failure(152 ms)
start:138360 Name:MarkSweepCompact, action:end of major GC, gcCause:Allocation Failure(135 ms)
start:138505 Name:MarkSweepCompact, action:end of major GC, gcCause:Allocation Failure(148 ms)
start:153819 Name:MarkSweepCompact, action:end of major GC, gcCause:Allocation Failure(156 ms)
start:153988 Name:MarkSweepCompact, action:end of major GC, gcCause:Allocation Failure(144 ms)
start:169100 Name:MarkSweepCompact, action:end of major GC, gcCause:Allocation Failure(166 ms)
start:169277 Name:MarkSweepCompact, action:end of major GC, gcCause:Allocation Failure(141 ms)
start:169429 Name:MarkSweepCompact, action:end of major GC, gcCause:Allocation Failure(172 ms)
start:169608 Name:MarkSweepCompact, action:end of major GC, gcCause:Allocation Failure(146 ms)
start:186399 Name:MarkSweepCompact, action:end of major GC, gcCause:Allocation Failure(157 ms)
start:186566 Name:MarkSweepCompact, action:end of major GC, gcCause:Allocation Failure(140 ms)
start:186715 Name:MarkSweepCompact, action:end of major GC, gcCause:Allocation Failure(171 ms)
start:186896 Name:MarkSweepCompact, action:end of major GC, gcCause:Allocation Failure(139 ms)
start:202479 Name:MarkSweepCompact, action:end of major GC, gcCause:Allocation Failure(157 ms)
start:202647 Name:MarkSweepCompact, action:end of major GC, gcCause:Allocation Failure(137 ms)
start:202793 Name:MarkSweepCompact, action:end of major GC, gcCause:Allocation Failure(175 ms)
start:202978 Name:MarkSweepCompact, action:end of major GC, gcCause:Allocation Failure(138 ms)
start:221998 Name:MarkSweepCompact, action:end of major GC, gcCause:Allocation Failure(157 ms)
start:222166 Name:MarkSweepCompact, action:end of major GC, gcCause:Allocation Failure(141 ms)
start:222317 Name:MarkSweepCompact, action:end of major GC, gcCause:Allocation Failure(173 ms)
start:222499 Name:MarkSweepCompact, action:end of major GC, gcCause:Allocation Failure(138 ms)
start:222647 Name:MarkSweepCompact, action:end of major GC, gcCause:Allocation Failure(144 ms)
start:241191 Name:MarkSweepCompact, action:end of major GC, gcCause:Allocation Failure(158 ms)
start:241358 Name:MarkSweepCompact, action:end of major GC, gcCause:Allocation Failure(169 ms)
start:241536 Name:MarkSweepCompact, action:end of major GC, gcCause:Allocation Failure(142 ms)
start:241688 Name:MarkSweepCompact, action:end of major GC, gcCause:Allocation Failure(143 ms)
start:241839 Name:MarkSweepCompact, action:end of major GC, gcCause:Allocation Failure(149 ms)
start:259802 Name:MarkSweepCompact, action:end of major GC, gcCause:Allocation Failure(163 ms)
start:259976 Name:MarkSweepCompact, action:end of major GC, gcCause:Allocation Failure(146 ms)
start:260131 Name:MarkSweepCompact, action:end of major GC, gcCause:Allocation Failure(145 ms)
start:260284 Name:MarkSweepCompact, action:end of major GC, gcCause:Allocation Failure(140 ms)
start:260431 Name:MarkSweepCompact, action:end of major GC, gcCause:Allocation Failure(152 ms)
start:260588 Name:MarkSweepCompact, action:end of major GC, gcCause:Allocation Failure(146 ms)
start:278315 Name:MarkSweepCompact, action:end of major GC, gcCause:Allocation Failure(162 ms)
start:278487 Name:MarkSweepCompact, action:end of major GC, gcCause:Allocation Failure(152 ms)
start:278648 Name:MarkSweepCompact, action:end of major GC, gcCause:Allocation Failure(173 ms)
start:278831 Name:MarkSweepCompact, action:end of major GC, gcCause:Allocation Failure(145 ms)
start:278984 Name:MarkSweepCompact, action:end of major GC, gcCause:Allocation Failure(154 ms)
start:279146 Name:MarkSweepCompact, action:end of major GC, gcCause:Allocation Failure(165 ms)
start:279316 Name:MarkSweepCompact, action:end of major GC, gcCause:Allocation Failure(147 ms)
start:279466 Name:MarkSweepCompact, action:end of major GC, gcCause:Allocation Failure(145 ms)
start:279614 Name:MarkSweepCompact, action:end of major GC, gcCause:Allocation Failure(148 ms)
start:299252 Name:MarkSweepCompact, action:end of major GC, gcCause:Allocation Failure(160 ms)
start:299422 Name:MarkSweepCompact, action:end of major GC, gcCause:Allocation Failure(169 ms)
start:299601 Name:MarkSweepCompact, action:end of major GC, gcCause:Allocation Failure(157 ms)
start:299769 Name:MarkSweepCompact, action:end of major GC, gcCause:Allocation Failure(150 ms)
start:299927 Name:MarkSweepCompact, action:end of major GC, gcCause:Allocation Failure(146 ms)
start:300078 Name:MarkSweepCompact, action:end of major GC, gcCause:Allocation Failure(146 ms)
start:300227 Name:MarkSweepCompact, action:end of major GC, gcCause:Allocation Failure(150 ms)
start:300380 Name:MarkSweepCompact, action:end of major GC, gcCause:Allocation Failure(149 ms)
start:300532 Name:MarkSweepCompact, action:end of major GC, gcCause:Allocation Failure(155 ms)
start:300689 Name:MarkSweepCompact, action:end of major GC, gcCause:Allocation Failure(144 ms)
start:300835 Name:MarkSweepCompact, action:end of major GC, gcCause:Allocation Failure(151 ms)
start:300987 Name:MarkSweepCompact, action:end of major GC, gcCause:Allocation Failure(150 ms)
start:301138 Name:MarkSweepCompact, action:end of major GC, gcCause:Allocation Failure(155 ms)
start:301293 Name:MarkSweepCompact, action:end of major GC, gcCause:Allocation Failure(145 ms)
start:301439 Name:MarkSweepCompact, action:end of major GC, gcCause:Allocation Failure(154 ms)
start:301593 Name:MarkSweepCompact, action:end of major GC, gcCause:Allocation Failure(149 ms)
start:301742 Name:MarkSweepCompact, action:end of major GC, gcCause:Allocation Failure(144 ms)
start:301886 Name:MarkSweepCompact, action:end of major GC, gcCause:Allocation Failure(146 ms)
start:302032 Name:MarkSweepCompact, action:end of major GC, gcCause:Allocation Failure(148 ms)
start:302181 Name:MarkSweepCompact, action:end of major GC, gcCause:Allocation Failure(143 ms)
start:302325 Name:MarkSweepCompact, action:end of major GC, gcCause:Allocation Failure(144 ms)
start:302469 Name:MarkSweepCompact, action:end of major GC, gcCause:Allocation Failure(165 ms)
start:302635 Name:MarkSweepCompact, action:end of major GC, gcCause:Allocation Failure(152 ms)
start:302788 Name:MarkSweepCompact, action:end of major GC, gcCause:Allocation Failure(142 ms)
start:302930 Name:MarkSweepCompact, action:end of major GC, gcCause:Allocation Failure(144 ms)
start:303074 Name:MarkSweepCompact, action:end of major GC, gcCause:Allocation Failure(152 ms)
start:303226 Name:MarkSweepCompact, action:end of major GC, gcCause:Allocation Failure(143 ms)
start:303369 Name:MarkSweepCompact, action:end of major GC, gcCause:Allocation Failure(145 ms)
start:303514 Name:MarkSweepCompact, action:end of major GC, gcCause:Allocation Failure(167 ms)
start:303681 Name:MarkSweepCompact, action:end of major GC, gcCause:Allocation Failure(148 ms)
start:303829 Name:MarkSweepCompact, action:end of major GC, gcCause:Allocation Failure(142 ms)
start:303972 Name:MarkSweepCompact, action:end of major GC, gcCause:Allocation Failure(152 ms)
start:304124 Name:MarkSweepCompact, action:end of major GC, gcCause:Allocation Failure(153 ms)
start:304278 Name:MarkSweepCompact, action:end of major GC, gcCause:Allocation Failure(145 ms)
start:304423 Name:MarkSweepCompact, action:end of major GC, gcCause:Allocation Failure(139 ms)
start:304563 Name:MarkSweepCompact, action:end of major GC, gcCause:Allocation Failure(144 ms)
start:304707 Name:MarkSweepCompact, action:end of major GC, gcCause:Allocation Failure(141 ms)
start:304849 Name:MarkSweepCompact, action:end of major GC, gcCause:Allocation Failure(29 ms)
[END] size = 0, ops counter = 4360839, time spent = 304 secs, GC duration: 10723 ms
Exception in thread "main" java.lang.OutOfMemoryError: Java heap space
	at java.base/java.lang.StringUTF16.compress(StringUTF16.java:157)
	at java.base/java.lang.String.<init>(String.java:3015)
	at java.base/java.lang.String.<init>(String.java:249)
	at hw04.Main.memoryTest(Main.java:62)
	at hw04.Main.main(Main.java:33)

Process finished with exit code 1
